<?xml version='1.0' encoding='UTF-8'?>
<testsuite hostname="C17ZPVP2MD6M.local" name="org.scalatest.examples.flatspec.SetSpec" tests="2" errors="0" failures="0" skipped="0" time="0.009" timestamp="2021-05-11T21:21:07">
          <properties>
[...]
</properties>
          <testcase classname="org.scalatest.examples.flatspec.SetSpec" name="An empty Set should have size 0" time="0.008">
                      
                    </testcase><testcase classname="org.scalatest.examples.flatspec.SetSpec" name="An empty Set should produce NoSuchElementException when head is invoked" time="0.001">
                      
                    </testcase>
          <system-out><![CDATA[]]></system-out>
          <system-err><![CDATA[]]></system-err>
        </testsuite>