<?xml version='1.0' encoding='UTF-8'?>
<testsuite hostname="C17ZPVP2MD6M.local" name="com.test.HelloTests" tests="18" errors="0" failures="0" skipped="0" time="0.011" timestamp="2021-05-11T21:21:07">
          <properties>
[...]
</properties>
          <testcase classname="com.test.HelloTests" name="helloWorld returns 'Hello, World!'" time="0.008">
                      
                    </testcase><testcase classname="com.test.HelloTests" name="greetName returns 'Hello, $name'" time="0.0">
                      
                    </testcase><testcase classname="com.test.HelloTests" name="getName returns name" time="0.0">
                      
                    </testcase><testcase classname="com.test.HelloTests" name="greetName2 greets Alice" time="0.0">
                      
                    </testcase><testcase classname="com.test.HelloTests" name="greetName2 greets Bob" time="0.0">
                      
                    </testcase><testcase classname="com.test.HelloTests" name="greetName2 doesn't greet if not alice or bob" time="0.0">
                      
                    </testcase><testcase classname="com.test.HelloTests" name="sumToN returns sum of numbers from 1 to n" time="0.0">
                      
                    </testcase><testcase classname="com.test.HelloTests" name="getNum gets number from user" time="0.0">
                      
                    </testcase><testcase classname="com.test.HelloTests" name="isMultiple3or5 returns true on multiples of 3 or 5" time="0.001">
                      
                    </testcase><testcase classname="com.test.HelloTests" name="sumToNIfMultiple3or5 returns correct sum" time="0.0">
                      
                    </testcase><testcase classname="com.test.HelloTests" name="productToN returns product of numbers from 1 to n" time="0.0">
                      
                    </testcase><testcase classname="com.test.HelloTests" name="chooseSumOrProduct returns either" time="0.0">
                      
                    </testcase><testcase classname="com.test.HelloTests" name="bigDaddyProgram returns sum of 1 to n if sum picked" time="0.0">
                      
                    </testcase><testcase classname="com.test.HelloTests" name="bigDaddyProgram returns product of 1 to n if product picked" time="0.001">
                      
                    </testcase><testcase classname="com.test.HelloTests" name="bigDaddyProgram returns n if invalid choice" time="0.0">
                      
                    </testcase><testcase classname="com.test.HelloTests" name="isLeapYear returns true on leap years" time="0.0">
                      
                    </testcase><testcase classname="com.test.HelloTests" name="isLeapYear returns false on not leap years" time="0.0">
                      
                    </testcase><testcase classname="com.test.HelloTests" name="nextNLeapYears returns next N leap years" time="0.001">
                      
                    </testcase>
          <system-out><![CDATA[]]></system-out>
          <system-err><![CDATA[]]></system-err>
        </testsuite>